#log# Automatic Logger file. *** THIS MUST BE THE FIRST LINE ***
#log# DO NOT CHANGE THIS LINE OR THE TWO BELOW -* coding: UTF-8 *-
#log# opts = Struct({'__allownew': True,
 'autocall': 2,
 'banner': 0,
 'colors': 'LightBG',
 'ipythondir': '/home/philip/.casa/ipython',
 'logfile': 'ipython-20160609-194305.log',
 'messages': 0,
 'prompt_in1': 'CASA <\\#>: '})
#log# args = []
#log# It is safe to make manual edits below here.
#log#-----------------------------------------------------------------------
execfile("/home/philip/src/casa-release-4.6.0-el6/lib/python2.7/assignmentFilter.py")
_ip.system("ls -F ")
_ip.magic("cd /media/philip/STICK0/testdata/")
importuvfits()
inp(importuvfits)
importuvfits(fitsfile='zen.2455016.68855.uvcc.fits')
importuvfits(fitsfile=zen.2455016.68855.uvcc.fits)
importuvfits(fitsfile='zen.2455016.68855.uvcc.fits')
importuvfits(fitsfile='zen.2455016.68855.uvcc.fits',vis='test.ms')
exit()
